-------------------------------------------------------------------------------
Test set: guru.springframework.sfgpetclinic.controllers.OwnerControllerTest
-------------------------------------------------------------------------------
Tests run: 4, Failures: 1, Errors: 0, Skipped: 0, Time elapsed: 1.662 s <<< FAILURE! - in guru.springframework.sfgpetclinic.controllers.OwnerControllerTest
displayOwner  Time elapsed: 0.049 s  <<< FAILURE!
java.lang.AssertionError: Status expected:<200> but was:<404>
	at guru.springframework.sfgpetclinic.controllers.OwnerControllerTest.displayOwner(OwnerControllerTest.java:85)

